0 info it worked if it ends with ok
1 verbose cli [ 'node',
1 verbose cli   '/usr/local/bin/npm',
1 verbose cli   'install',
1 verbose cli   '--loglevel',
1 verbose cli   'verbose' ]
2 info using npm@2.11.3
3 info using node@v0.10.39
4 verbose readDependencies loading dependencies from /src/package.json
5 error install Couldn't read dependencies
6 verbose stack Error: ENOENT, open '/src/package.json'
7 verbose cwd /src
8 error Linux 4.0.5
9 error argv "node" "/usr/local/bin/npm" "install" "--loglevel" "verbose"
10 error node v0.10.39
11 error npm  v2.11.3
12 error path /src/package.json
13 error code ENOPACKAGEJSON
14 error errno 34
15 error package.json ENOENT, open '/src/package.json'
15 error package.json This is most likely not a problem with npm itself.
15 error package.json npm can't find a package.json file in your current directory.
16 verbose exit [ 34, true ]
